<?xml version="1.0" encoding="UTF-8"?>
<!-- Generated by org.testng.reporters.JUnitXMLReporter -->
<testsuite ignored="0" hostname="Murtuzz" failures="1" tests="2" name="t2" time="0.1" errors="0" timestamp="2024-06-18T15:20:49 IST">
  <testcase classname="practise.CreateOrderTest" name="createOrderTest" time="0.013">
    <failure type="java.lang.NullPointerException" message="Cannot invoke &amp;quot;String.equals(Object)&amp;quot; because &amp;quot;str&amp;quot; is null">
      <![CDATA[java.lang.NullPointerException: Cannot invoke "String.equals(Object)" because "str" is null
at practise.CreateOrderTest.createOrderTest(CreateOrderTest.java:10)
at java.base/java.util.ArrayList.forEach(ArrayList.java:1511)
at java.base/java.util.concurrent.FutureTask.run(FutureTask.java:264)
at java.base/java.util.concurrent.ThreadPoolExecutor.runWorker(ThreadPoolExecutor.java:1136)
at java.base/java.util.concurrent.ThreadPoolExecutor$Worker.run(ThreadPoolExecutor.java:635)
at java.base/java.lang.Thread.run(Thread.java:840)
... Removed 17 stack frames]]>
    </failure>
  </testcase> <!-- createOrderTest -->
  <testcase classname="practise.CreateOrderTest" name="billingAnOrderTest" time="0.0">
    <skipped/>
  </testcase> <!-- billingAnOrderTest -->
</testsuite> <!-- t2 -->
