<?xml version="1.0" encoding="UTF-8"?>
<!-- Generated by org.testng.reporters.JUnitXMLReporter -->
<testsuite ignored="2" hostname="Murtuzz" failures="2" tests="5" name="Test" time="32.802" errors="0" timestamp="2024-06-24T14:43:18 IST">
  <testcase classname="com.comcast.crm.vtiger.ContactTest.CreateContactTest2" name="createContactTest" time="0.026">
    <failure type="java.lang.NullPointerException" message="Cannot invoke &amp;quot;String.equals(Object)&amp;quot; because &amp;quot;str&amp;quot; is null">
      <![CDATA[java.lang.NullPointerException: Cannot invoke "String.equals(Object)" because "str" is null
at com.comcast.crm.vtiger.ContactTest.CreateContactTest2.createContactTest(CreateContactTest2.java:14)
at java.base/java.util.ArrayList.forEach(ArrayList.java:1511)
... Removed 27 stack frames]]>
    </failure>
  </testcase> <!-- createContactTest -->
  <testcase classname="com.comcast.crm.vtiger.ContactTest.CreateContactTest2" name="deleteContact" time="0.005"/>
  <testcase classname="com.comcast.crm.vtiger.ContactTest.CreateContactTest2" name="modifyContact" time="0.007"/>
  <testcase classname="com.comcast.crm.vtiger.orgTest.CreateOrderTest" name="createOrderTest" time="0.004">
    <failure type="java.lang.NullPointerException" message="Cannot invoke &amp;quot;String.equals(Object)&amp;quot; because &amp;quot;str&amp;quot; is null">
      <![CDATA[java.lang.NullPointerException: Cannot invoke "String.equals(Object)" because "str" is null
at com.comcast.crm.vtiger.orgTest.CreateOrderTest.createOrderTest(CreateOrderTest.java:12)
at java.base/java.util.ArrayList.forEach(ArrayList.java:1511)
... Removed 27 stack frames]]>
    </failure>
  </testcase> <!-- createOrderTest -->
  <testcase classname="com.comcast.crm.vtiger.orgTest.CreateOrderTest" name="billingAnOrderTest" time="0.0">
    <skipped/>
  </testcase> <!-- billingAnOrderTest -->
  <testcase classname="baseClass.BaseClassUpdated" name="@BeforeSuite configBS" time="0.0">
    <ignored/>
  </testcase> <!-- @BeforeSuite configBS -->
  <testcase classname="baseClass.BaseClassUpdated" name="@AfterSuite configAS" time="0.0">
    <ignored/>
  </testcase> <!-- @AfterSuite configAS -->
</testsuite> <!-- Test -->
