<?xml version="1.0" encoding="UTF-8"?>
<!-- Generated by org.testng.reporters.JUnitXMLReporter -->
<testsuite ignored="0" hostname="Murtuzz" failures="1" tests="3" name="TestRunner-chrome" time="0.016" errors="0" timestamp="2024-06-18T15:53:21 IST">
  <testcase classname="com.comcast.crm.vtiger.ContactTest.CreateContactTest2" name="contactTest" time="0.002"/>
  <testcase classname="com.comcast.crm.vtiger.orgTest.CreateOrderTest" name="createOrderTest" time="0.001">
    <failure type="java.lang.NullPointerException" message="Cannot invoke &amp;quot;String.equals(Object)&amp;quot; because &amp;quot;str&amp;quot; is null">
      <![CDATA[java.lang.NullPointerException: Cannot invoke "String.equals(Object)" because "str" is null
at com.comcast.crm.vtiger.orgTest.CreateOrderTest.createOrderTest(CreateOrderTest.java:10)
at java.base/java.util.concurrent.Executors$RunnableAdapter.call(Executors.java:539)
at java.base/java.util.concurrent.FutureTask.run(FutureTask.java:264)
at java.base/java.util.concurrent.ThreadPoolExecutor.runWorker(ThreadPoolExecutor.java:1136)
at java.base/java.util.concurrent.ThreadPoolExecutor$Worker.run(ThreadPoolExecutor.java:635)
at java.base/java.lang.Thread.run(Thread.java:840)
... Removed 13 stack frames]]>
    </failure>
  </testcase> <!-- createOrderTest -->
  <testcase classname="com.comcast.crm.vtiger.orgTest.CreateOrderTest" name="billingAnOrderTest" time="0.0">
    <skipped/>
  </testcase> <!-- billingAnOrderTest -->
</testsuite> <!-- TestRunner-chrome -->
